<?xml version="1.0" encoding="utf-8"?><testsuites name="pytest tests"><testsuite name="pytest" errors="0" failures="0" skipped="0" tests="5" time="5.010" timestamp="2026-03-26T23:53:03.863509+00:00" hostname="agent-env-5b143d0a-4f2c-49f8-9585-821761f9407c"><testcase classname="backend.tests.test_nomed.TestDemoAPI" name="test_api_root" time="1.231" /><testcase classname="backend.tests.test_nomed.TestDemoAPI" name="test_create_demo_booking" time="0.869" /><testcase classname="backend.tests.test_nomed.TestDemoAPI" name="test_create_demo_minimal" time="0.767" /><testcase classname="backend.tests.test_nomed.TestDemoAPI" name="test_get_demo_bookings" time="0.908" /><testcase classname="backend.tests.test_nomed.TestDemoAPI" name="test_create_demo_missing_required" time="0.780" /></testsuite></testsuites>